[debug] [2020-06-04T13:42:59.612Z] ----------------------------------------------------------------------
[debug] [2020-06-04T13:42:59.613Z] Command:       /usr/local/bin/node /usr/local/bin/firebase deploy
[debug] [2020-06-04T13:42:59.613Z] CLI Version:   7.15.0
[debug] [2020-06-04T13:42:59.613Z] Platform:      darwin
[debug] [2020-06-04T13:42:59.613Z] Node Version:  v12.14.1
[debug] [2020-06-04T13:42:59.614Z] Time:          Thu Jun 04 2020 15:42:59 GMT+0200 (GMT+02:00)
[debug] [2020-06-04T13:42:59.614Z] ----------------------------------------------------------------------
[debug] [2020-06-04T13:42:59.614Z] 
[debug] [2020-06-04T13:42:59.623Z] > command requires scopes: ["email","openid","https://www.googleapis.com/auth/cloudplatformprojects.readonly","https://www.googleapis.com/auth/firebase","https://www.googleapis.com/auth/cloud-platform"]
[debug] [2020-06-04T13:42:59.623Z] > authorizing via signed-in user
[debug] [2020-06-04T13:42:59.623Z] [iam] checking project hallbar-skolmaltid for permissions ["firebase.projects.get","firebasehosting.sites.update"]
[debug] [2020-06-04T13:42:59.625Z] > refreshing access token with scopes: ["email","https://www.googleapis.com/auth/cloud-platform","https://www.googleapis.com/auth/cloudplatformprojects.readonly","https://www.googleapis.com/auth/firebase","openid"]
[debug] [2020-06-04T13:42:59.625Z] >>> HTTP REQUEST POST https://www.googleapis.com/oauth2/v3/token  
 <request body omitted>
[debug] [2020-06-04T13:42:59.877Z] <<< HTTP RESPONSE 200
[debug] [2020-06-04T13:42:59.895Z] >>> HTTP REQUEST POST https://cloudresourcemanager.googleapis.com/v1/projects/hallbar-skolmaltid:testIamPermissions  

[debug] [2020-06-04T13:43:00.835Z] <<< HTTP RESPONSE 200
[debug] [2020-06-04T13:43:00.836Z] >>> HTTP REQUEST GET https://firebase.googleapis.com/v1beta1/projects/hallbar-skolmaltid  
 
[debug] [2020-06-04T13:43:01.196Z] <<< HTTP RESPONSE 200
[info] 
[info] === Deploying to 'hallbar-skolmaltid'...
[info] 
[info] i  deploying hosting
[debug] [2020-06-04T13:43:01.200Z] >>> HTTP REQUEST POST https://firebasehosting.googleapis.com/v1beta1/sites/hallbar-skolmaltid/versions  

[debug] [2020-06-04T13:43:03.514Z] <<< HTTP RESPONSE 200
[info] i  hosting[hallbar-skolmaltid]: beginning deploy...
[info] i  hosting[hallbar-skolmaltid]: found 24 files in ./dist/spa
[debug] [2020-06-04T13:43:03.559Z] [hosting] hash cache [ZGlzdC9zcGE] stored for 24 files
[debug] [2020-06-04T13:43:03.560Z] [hosting][hash queue][FINAL]
[debug] [2020-06-04T13:43:03.560Z] >>> HTTP REQUEST POST https://firebasehosting.googleapis.com/v1beta1/sites/hallbar-skolmaltid/versions/03cfae1340ddd6c0:populateFiles  
 <request body omitted>
[debug] [2020-06-04T13:43:04.853Z] <<< HTTP RESPONSE 200
[debug] [2020-06-04T13:43:04.858Z] [hosting][populate queue][FINAL]
[debug] [2020-06-04T13:43:04.858Z] [hosting] uploads queued: 7
